........................................................................ [ 76%]
......................                                                   [100%]
================================ tests coverage ================================
_______________ coverage: platform darwin, python 3.12.2-final-0 _______________

Name                  Stmts   Miss  Cover   Missing
---------------------------------------------------
src/app.py              105      0   100%
src/clean.py            119      0   100%
src/load_data.py         53      0   100%
src/models.py            26      0   100%
src/orm_queries.py       46      0   100%
src/query_data.py        70      0   100%
src/refresh_data.py      72      0   100%
src/scrape.py           233      0   100%
---------------------------------------------------
TOTAL                   724      0   100%
94 passed in 6.46s
